Exporter version: 2.93.4, Blender version: 2.93.5
========= Conversion from Blender to Babylon.js =========
	Scene settings used :
		Inline textures     :  false
		Material Type       :  PBR
		Positions Precision :  4
		Normals Precision   :  3
		UVs Precision       :  3
		Vert Color Precision:  3
		Mat Weight Precision:  2
		Keep Z-up r-handed  :  no
		Texture directory   :  C:\Users\jhanc\OneDrive\Desktop\Library of Babel\3D Modelling\
	Python World class constructor completed
	WARNING: No active camera has been assigned, or is not in a currently enabled collection
	processing begun of mesh:  Barrier
		processing begun of material:  Material
		num positions      :  180
		num normals        :  180
		num tangents       :  0
		num uvs            :  360
		num uvs2           :  0
		num colors         :  0
		num triangles      :  68
		WARNING: # of 0 area faces found:  20
	processing begun of mesh:  Floor
		processing begun of material:  Material
		registered as also a user of material:  Material
		num positions      :  175
		num normals        :  175
		num tangents       :  0
		num uvs            :  350
		num uvs2           :  0
		num colors         :  0
		num triangles      :  68
		WARNING: # of 0 area faces found:  20
========= Writing of JSON file started =========
	writing mesh:  Barrier
	writing mesh:  Floor
========= Writing of JSON file completed =========
========= end of processing =========
elapsed time:  0 min, 0.049 secs
